INFO 2025-07-26 04:49:01,114 autoreload 68762 8476679936 Watching for file changes with StatReloader
INFO 2025-07-26 04:49:13,860 basehttp 68762 6122156032 "GET / HTTP/1.1" 200 21504
INFO 2025-07-26 04:49:36,233 basehttp 68762 6122156032 "GET /happiness-correlation/ HTTP/1.1" 200 50870
INFO 2025-07-26 04:49:49,774 basehttp 68762 6122156032 "GET /api/happiness-data/?year=2024&country=AFG HTTP/1.1" 200 52
INFO 2025-07-26 04:54:12,477 autoreload 68762 8476679936 /Users/arunbabu/Desktop/Code/Happy Data 3/dashboard/models.py changed, reloading.
Performing system checks...

System check identified no issues (0 silenced).
July 26, 2025 - 04:49:01
Django version 5.2.4, using settings 'happydata.settings'
Starting development server at http://127.0.0.1:8000/
Quit the server with CONTROL-C.

WARNING: This is a development server. Do not use it in a production setting. Use a production WSGI or ASGI server instead.
For more information on production servers see: https://docs.djangoproject.com/en/5.2/howto/deployment/
INFO 2025-07-26 04:54:12,857 autoreload 68994 8476679936 Watching for file changes with StatReloader
INFO 2025-07-26 05:10:56,749 autoreload 68994 8476679936 /Users/arunbabu/Desktop/Code/Happy Data 3/dashboard/views.py changed, reloading.
Performing system checks...

System check identified no issues (0 silenced).
July 26, 2025 - 04:54:12
Django version 5.2.4, using settings 'happydata.settings'
Starting development server at http://127.0.0.1:8000/
Quit the server with CONTROL-C.

WARNING: This is a development server. Do not use it in a production setting. Use a production WSGI or ASGI server instead.
For more information on production servers see: https://docs.djangoproject.com/en/5.2/howto/deployment/
INFO 2025-07-26 05:10:56,991 autoreload 70024 8476679936 Watching for file changes with StatReloader
INFO 2025-07-26 05:12:03,910 views 70024 6127448064 RegionalHappinessAPIView called with params: <QueryDict: {'year': ['2024']}>
INFO 2025-07-26 05:12:03,915 views 70024 6127448064 Initial queryset count (with country regions): 890
INFO 2025-07-26 05:12:03,917 views 70024 6127448064 Filtered queryset for year 2024: 142
INFO 2025-07-26 05:12:03,918 views 70024 6127448064 Regional data aggregation result: 7 records
INFO 2025-07-26 05:12:03,919 views 70024 6127448064 Transformed regional data successfully, returning 7 records
INFO 2025-07-26 05:12:03,922 basehttp 70024 6127448064 "GET /api/regional-happiness/?year=2024 HTTP/1.1" 200 689
INFO 2025-07-26 05:12:28,029 views 70024 6127448064 RegionalHappinessAPIView called with params: <QueryDict: {}>
INFO 2025-07-26 05:12:28,037 views 70024 6127448064 Initial queryset count (with country regions): 890
INFO 2025-07-26 05:12:28,040 views 70024 6127448064 Regional data aggregation result: 42 records
INFO 2025-07-26 05:12:28,040 views 70024 6127448064 Transformed regional data successfully, returning 42 records
INFO 2025-07-26 05:12:28,041 basehttp 70024 6127448064 "GET /api/regional-happiness/ HTTP/1.1" 200 4135
INFO 2025-07-26 07:33:15,904 basehttp 70024 6127448064 "GET /country-trends/ HTTP/1.1" 200 41016
INFO 2025-07-26 07:33:16,028 basehttp 70024 6127448064 "GET /static/css/style.css HTTP/1.1" 304 0
INFO 2025-07-26 07:33:16,054 basehttp 70024 6144274432 "GET /static/js/dashboard.js HTTP/1.1" 200 18905
INFO 2025-07-26 07:33:17,789 basehttp 70024 6144274432 "GET /happiness-correlation/ HTTP/1.1" 200 50870
INFO 2025-07-26 07:39:09,036 basehttp 70024 6127448064 "GET /api/happiness-data/?year=2024&country=IND HTTP/1.1" 200 525
INFO 2025-07-26 07:39:09,040 views 70024 6127448064 CountryIndicatorDataView called with country: IND, indicator: NY.GDP.PCAP.CD
INFO 2025-07-26 07:39:09,043 views 70024 6127448064 Found country: India
INFO 2025-07-26 07:39:09,044 views 70024 6127448064 Found indicator: GDP per capita (current US$)
INFO 2025-07-26 07:39:09,045 views 70024 6127448064 Found 5 data points for India - GDP per capita (current US$)
INFO 2025-07-26 07:39:09,049 views 70024 6127448064 Serialized data successfully, returning 5 records
INFO 2025-07-26 07:39:09,050 basehttp 70024 6127448064 "GET /api/country-data/IND/NY.GDP.PCAP.CD/ HTTP/1.1" 200 871
INFO 2025-07-26 07:42:20,721 basehttp 70024 6127448064 "GET /api/happiness-data/?year=2024 HTTP/1.1" 200 49119
INFO 2025-07-26 07:42:47,730 basehttp 70024 6127448064 "GET /api/happiness-data/?year=2024 HTTP/1.1" 200 49119
INFO 2025-07-26 07:42:59,430 views 70024 6127448064 CountryIndicatorDataView called with country: FI, indicator: NY.GDP.PCAP.CD
ERROR 2025-07-26 07:42:59,439 views 70024 6127448064 Country not found: FI
INFO 2025-07-26 07:42:59,441 views 70024 6127448064 Available countries (first 10): [('AFG', 'Afghanistan'), ('ALB', 'Albania'), ('DZA', 'Algeria'), ('ASM', 'American Samoa'), ('AND', 'Andorra'), ('AGO', 'Angola'), ('ATG', 'Antigua and Barbuda'), ('ARG', 'Argentina'), ('ARM', 'Armenia'), ('ABW', 'Aruba')]
WARNING 2025-07-26 07:42:59,445 log 70024 6127448064 Not Found: /api/country-data/FI/NY.GDP.PCAP.CD/
WARNING 2025-07-26 07:42:59,445 basehttp 70024 6127448064 "GET /api/country-data/FI/NY.GDP.PCAP.CD/ HTTP/1.1" 404 259
INFO 2025-07-26 07:42:59,495 views 70024 6127448064 CountryIndicatorDataView called with country: FIN, indicator: NY.GDP.PCAP.CD
INFO 2025-07-26 07:42:59,497 views 70024 6127448064 Found country: Finland
INFO 2025-07-26 07:42:59,498 views 70024 6127448064 Found indicator: GDP per capita (current US$)
INFO 2025-07-26 07:42:59,498 views 70024 6127448064 Found 5 data points for Finland - GDP per capita (current US$)
INFO 2025-07-26 07:42:59,502 views 70024 6127448064 Serialized data successfully, returning 5 records
INFO 2025-07-26 07:42:59,502 basehttp 70024 6127448064 "GET /api/country-data/FIN/NY.GDP.PCAP.CD/ HTTP/1.1" 200 886
INFO 2025-07-26 07:47:50,941 basehttp 70024 6127448064 "GET /country-trends/ HTTP/1.1" 200 41016
INFO 2025-07-26 07:47:58,181 basehttp 70024 6127448064 "GET / HTTP/1.1" 200 21504
INFO 2025-07-26 07:47:58,315 views 70024 6127448064 RegionalHappinessAPIView called with params: <QueryDict: {}>
INFO 2025-07-26 07:47:58,328 views 70024 6127448064 Initial queryset count (with country regions): 890
INFO 2025-07-26 07:47:58,333 views 70024 6127448064 Regional data aggregation result: 42 records
INFO 2025-07-26 07:47:58,333 views 70024 6127448064 Transformed regional data successfully, returning 42 records
INFO 2025-07-26 07:47:58,334 basehttp 70024 6127448064 "GET /api/regional-happiness/ HTTP/1.1" 200 4135
INFO 2025-07-26 09:40:29,291 basehttp 70024 6127448064 "GET / HTTP/1.1" 200 21868
INFO 2025-07-26 09:40:29,345 basehttp 70024 6144274432 "GET /static/js/dashboard.js HTTP/1.1" 304 0
INFO 2025-07-26 09:40:29,345 basehttp 70024 6127448064 "GET /static/css/style.css HTTP/1.1" 304 0
INFO 2025-07-26 09:40:29,631 views 70024 6144274432 RegionalHappinessAPIView called with params: <QueryDict: {}>
INFO 2025-07-26 09:40:29,636 views 70024 6144274432 Initial queryset count (with country regions): 890
INFO 2025-07-26 09:40:29,641 views 70024 6144274432 Regional data aggregation result: 42 records
INFO 2025-07-26 09:40:29,642 views 70024 6144274432 Transformed regional data successfully, returning 42 records
INFO 2025-07-26 09:40:29,644 basehttp 70024 6144274432 "GET /api/regional-happiness/ HTTP/1.1" 200 4135
